<?xml version="1.0" encoding="UTF-8"?><TestSessionContainer xmlns="http://www.codecover.org/xml/testsession-container" Date="1664731682492" TestSessionContainerId="c48f9f0d-e1f9-46e0-a55b-8fc44170dfad" version="1.0">
<SrcFileList>
<SrcFile Content="package progettosemaforo;&#13;&#10;public class Semaforo {&#13;&#10;&#13;&#10;&#9;int[] colore;&#13;&#10;&#9;// 0 verde&#13;&#10;&#9;// 1 giallo&#13;&#10;&#9;// 2 rosso&#13;&#10;&#13;&#10;&#9;public Semaforo() {&#13;&#10;&#9;&#9;// nel costruttore li inizializzo entrambi rossi&#13;&#10;&#9;&#9;colore = new int[2];&#13;&#10;&#9;&#9;colore[0] = 2;&#13;&#10;&#9;&#9;colore[1] = 2;&#13;&#10;&#9;}&#13;&#10;&#13;&#10;&#9;public boolean changecolor(int sem, int color) {&#13;&#10;&#9;&#9;if (sem &gt;= 0 &amp;&amp; sem &lt;= 2 &amp;&amp; color &gt;= 0 &amp;&amp; color &lt;= 2) {&#13;&#10;&#9;&#9;&#9;// da verde passo a giallo&#13;&#10;&#9;&#9;&#9;if (color == 1 &amp;&amp; colore[sem] == 0) {&#13;&#10;&#9;&#9;&#9;&#9;colore[sem] = 1;&#13;&#10;&#9;&#9;&#9;&#9;return true;&#13;&#10;&#9;&#9;&#9;}&#13;&#10;&#9;&#9;&#9;// da giallo passo a rosso&#13;&#10;&#9;&#9;&#9;if (color == 2 &amp;&amp; colore[sem] == 1) {&#13;&#10;&#9;&#9;&#9;&#9;colore[sem] = 2;&#13;&#10;&#9;&#9;&#9;&#9;return true;&#13;&#10;&#9;&#9;&#9;}&#13;&#10;&#9;&#9;&#9;// da rosso passo a verde, ma per questo caso devo verificare anche l'altro&#13;&#10;&#9;&#9;&#9;// semaforo&#13;&#10;&#9;&#9;&#9;// se sem = 1 allora l'altro Ã¨ il sem 0&#13;&#10;&#9;&#9;&#9;if (sem == 1) {&#13;&#10;&#9;&#9;&#9;&#9;if (color == 0 &amp;&amp; colore[sem] == 2 &amp;&amp; colore[0] == 2) {&#13;&#10;&#9;&#9;&#9;&#9;&#9;colore[sem] = 0;&#13;&#10;&#9;&#9;&#9;&#9;&#9;return true;&#13;&#10;&#9;&#9;&#9;&#9;}&#13;&#10;&#9;&#9;&#9;} &#13;&#10;&#9;&#9;&#9;else {&#13;&#10;&#9;&#9;&#9;&#9;if (color == 0 &amp;&amp; colore[sem] == 2 &amp;&amp; colore[1] == 2) {&#13;&#10;&#9;&#9;&#9;&#9;&#9;colore[sem] = 0;&#13;&#10;&#9;&#9;&#9;&#9;&#9;return true;&#13;&#10;&#9;&#9;&#9;&#9;}&#13;&#10;&#9;&#9;&#9;}&#13;&#10;&#9;&#9;&#9;return false;&#13;&#10;&#9;&#9;} &#13;&#10;&#9;&#9;else {&#13;&#10;&#9;&#9;&#9;return false;&#13;&#10;&#9;&#9;}&#13;&#10;&#9;}&#13;&#10;&#13;&#10;&#9;@Override&#13;&#10;&#9;public String toString() {&#13;&#10;&#9;&#9;char sem1 = colore[0] == 0 ? 'V' : colore[0] == 1 ? 'G' : 'R';&#13;&#10;&#9;&#9;char sem2 = colore[1] == 0 ? 'V' : colore[1] == 1 ? 'G' : 'R';&#13;&#10;&#9;&#9;return &quot;&quot; + sem1 + sem2;&#13;&#10;&#9;}&#13;&#10;}&#13;&#10;" Filename="Semaforo.java" Intrnl_Id="1"/>
</SrcFileList>
<CritList>
<CritListEntry Name="org.codecover.model.utils.criteria.ConditionCoverage" PluginName="org.codecover"/>
<CritListEntry Name="org.codecover.model.utils.criteria.BranchCoverage" PluginName="org.codecover"/>
<CritListEntry Name="org.codecover.model.utils.criteria.StatementCoverage" PluginName="org.codecover"/>
</CritList>
<BoolOpList>
<BoolOp Arity="2" Intrnl_Id="2" Name="conditional and (&amp;&amp;)">
<BoolAssgnmntBoolMapList>
<MapEntry BoolAssgnmnt="02" Value="false"/>
<MapEntry BoolAssgnmnt="10" Value="false"/>
<MapEntry BoolAssgnmnt="11" Value="true"/>
</BoolAssgnmntBoolMapList>
</BoolOp>
</BoolOpList>
<HierarchyLvlTypeList>
<HierarchyLvlType EnglishName="package" IntrnlName="package" Intrnl_Id="3"/>
<HierarchyLvlType EnglishName="method" IntrnlName="method" Intrnl_Id="4"/>
<HierarchyLvlType EnglishName="class" IntrnlName="class" Intrnl_Id="5"/>
<HierarchyLvlType EnglishName="default package" IntrnlName="default package" Intrnl_Id="6"/>
</HierarchyLvlTypeList>
<MASTRoot>
<HierarchyLvl HierarchyLvlId="6" HierarchyLvlTypeId="6" Intrnl_Id="7" Name="default package">
<Header/>
<LocList/>
<HierarchyLvl HierarchyLvlId="5" HierarchyLvlTypeId="3" Intrnl_Id="8" Name="progettosemaforo">
<Header/>
<LocList/>
<HierarchyLvl HierarchyLvlId="4" HierarchyLvlTypeId="5" Intrnl_Id="9" Name="Semaforo">
<Header>
<Loc EndOffset="48" SrcFileId="1" StartOffset="27"/>
</Header>
<LocList>
<Loc EndOffset="1273" SrcFileId="1" StartOffset="27"/>
</LocList>
<HierarchyLvl HierarchyLvlId="1" HierarchyLvlTypeId="4" Intrnl_Id="10" Name="Semaforo">
<Header>
<Loc EndOffset="130" SrcFileId="1" StartOffset="113"/>
</Header>
<LocList>
<Loc EndOffset="248" SrcFileId="1" StartOffset="113"/>
</LocList>
<StmntSeq Intrnl_Id="11">
<LocList>
<Loc EndOffset="208" SrcFileId="1" StartOffset="188"/>
<Loc EndOffset="226" SrcFileId="1" StartOffset="212"/>
<Loc EndOffset="244" SrcFileId="1" StartOffset="230"/>
</LocList>
<BasicStmnt CovItemId="S1" CovItemPrefix="progettosemaforo.Semaforo.java" Intrnl_Id="12">
<LocList>
<Loc EndOffset="208" SrcFileId="1" StartOffset="188"/>
</LocList>
</BasicStmnt>
<BasicStmnt CovItemId="S2" CovItemPrefix="progettosemaforo.Semaforo.java" Intrnl_Id="13">
<LocList>
<Loc EndOffset="226" SrcFileId="1" StartOffset="212"/>
</LocList>
</BasicStmnt>
<BasicStmnt CovItemId="S3" CovItemPrefix="progettosemaforo.Semaforo.java" Intrnl_Id="14">
<LocList>
<Loc EndOffset="244" SrcFileId="1" StartOffset="230"/>
</LocList>
</BasicStmnt>
</StmntSeq>
</HierarchyLvl>
<HierarchyLvl HierarchyLvlId="2" HierarchyLvlTypeId="4" Intrnl_Id="15" Name="changecolor">
<Header>
<Loc EndOffset="299" SrcFileId="1" StartOffset="253"/>
</Header>
<LocList>
<Loc EndOffset="1063" SrcFileId="1" StartOffset="253"/>
</LocList>
<StmntSeq Intrnl_Id="16">
<LocList>
<Loc EndOffset="1059" SrcFileId="1" StartOffset="305"/>
</LocList>
<CondStmnt CovItemId="S4" CovItemPrefix="progettosemaforo.Semaforo.java" Intrnl_Id="17">
<Branch CovItemId="B1" CovItemPrefix="progettosemaforo.Semaforo.java" Implct="false" Intrnl_Id="18">
<Cond/>
<LocList>
<Loc EndOffset="1025" SrcFileId="1" StartOffset="359"/>
</LocList>
<StmntSeq Intrnl_Id="19">
<LocList>
<Loc EndOffset="479" SrcFileId="1" StartOffset="396"/>
<Loc EndOffset="598" SrcFileId="1" StartOffset="515"/>
<Loc EndOffset="1002" SrcFileId="1" StartOffset="743"/>
<Loc EndOffset="1020" SrcFileId="1" StartOffset="1007"/>
</LocList>
<CondStmnt CovItemId="S5" CovItemPrefix="progettosemaforo.Semaforo.java" Intrnl_Id="20">
<Branch CovItemId="B3" CovItemPrefix="progettosemaforo.Semaforo.java" Implct="false" Intrnl_Id="21">
<Cond/>
<LocList>
<Loc EndOffset="479" SrcFileId="1" StartOffset="432"/>
</LocList>
<StmntSeq Intrnl_Id="22">
<LocList>
<Loc EndOffset="455" SrcFileId="1" StartOffset="439"/>
<Loc EndOffset="473" SrcFileId="1" StartOffset="461"/>
</LocList>
<BasicStmnt CovItemId="S6" CovItemPrefix="progettosemaforo.Semaforo.java" Intrnl_Id="23">
<LocList>
<Loc EndOffset="455" SrcFileId="1" StartOffset="439"/>
</LocList>
</BasicStmnt>
<BasicStmnt CovItemId="S7" CovItemPrefix="progettosemaforo.Semaforo.java" Intrnl_Id="24">
<LocList>
<Loc EndOffset="473" SrcFileId="1" StartOffset="461"/>
</LocList>
</BasicStmnt>
</StmntSeq>
</Branch>
<Branch CovItemId="B4" CovItemPrefix="progettosemaforo.Semaforo.java" Implct="true" Intrnl_Id="25">
<Cond/>
<LocList/>
<StmntSeq Intrnl_Id="26">
<LocList/>
</StmntSeq>
</Branch>
<Keyword EndOffset="398" SrcFileId="1" StartOffset="396"/>
<LocList>
<Loc EndOffset="479" SrcFileId="1" StartOffset="396"/>
</LocList>
<RootTerm CovItemId="C2" CovItemPrefix="progettosemaforo.Semaforo.java" Intrnl_Id="27">
<OpTerm BooleanOpId="2" Intrnl_Id="28">
<BasicBoolTerm Intrnl_Id="29">
<LocList>
<Loc EndOffset="410" SrcFileId="1" StartOffset="400"/>
</LocList>
</BasicBoolTerm>
<BasicBoolTerm Intrnl_Id="30">
<LocList>
<Loc EndOffset="430" SrcFileId="1" StartOffset="414"/>
</LocList>
</BasicBoolTerm>
<LocList>
<Loc EndOffset="413" SrcFileId="1" StartOffset="411"/>
</LocList>
</OpTerm>
</RootTerm>
</CondStmnt>
<CondStmnt CovItemId="S8" CovItemPrefix="progettosemaforo.Semaforo.java" Intrnl_Id="31">
<Branch CovItemId="B5" CovItemPrefix="progettosemaforo.Semaforo.java" Implct="false" Intrnl_Id="32">
<Cond/>
<LocList>
<Loc EndOffset="598" SrcFileId="1" StartOffset="551"/>
</LocList>
<StmntSeq Intrnl_Id="33">
<LocList>
<Loc EndOffset="574" SrcFileId="1" StartOffset="558"/>
<Loc EndOffset="592" SrcFileId="1" StartOffset="580"/>
</LocList>
<BasicStmnt CovItemId="S9" CovItemPrefix="progettosemaforo.Semaforo.java" Intrnl_Id="34">
<LocList>
<Loc EndOffset="574" SrcFileId="1" StartOffset="558"/>
</LocList>
</BasicStmnt>
<BasicStmnt CovItemId="S10" CovItemPrefix="progettosemaforo.Semaforo.java" Intrnl_Id="35">
<LocList>
<Loc EndOffset="592" SrcFileId="1" StartOffset="580"/>
</LocList>
</BasicStmnt>
</StmntSeq>
</Branch>
<Branch CovItemId="B6" CovItemPrefix="progettosemaforo.Semaforo.java" Implct="true" Intrnl_Id="36">
<Cond/>
<LocList/>
<StmntSeq Intrnl_Id="37">
<LocList/>
</StmntSeq>
</Branch>
<Keyword EndOffset="517" SrcFileId="1" StartOffset="515"/>
<LocList>
<Loc EndOffset="598" SrcFileId="1" StartOffset="515"/>
</LocList>
<RootTerm CovItemId="C3" CovItemPrefix="progettosemaforo.Semaforo.java" Intrnl_Id="38">
<OpTerm BooleanOpId="2" Intrnl_Id="39">
<BasicBoolTerm Intrnl_Id="40">
<LocList>
<Loc EndOffset="529" SrcFileId="1" StartOffset="519"/>
</LocList>
</BasicBoolTerm>
<BasicBoolTerm Intrnl_Id="41">
<LocList>
<Loc EndOffset="549" SrcFileId="1" StartOffset="533"/>
</LocList>
</BasicBoolTerm>
<LocList>
<Loc EndOffset="532" SrcFileId="1" StartOffset="530"/>
</LocList>
</OpTerm>
</RootTerm>
</CondStmnt>
<CondStmnt CovItemId="S11" CovItemPrefix="progettosemaforo.Semaforo.java" Intrnl_Id="42">
<Branch CovItemId="B7" CovItemPrefix="progettosemaforo.Semaforo.java" Implct="false" Intrnl_Id="43">
<Cond/>
<LocList>
<Loc EndOffset="874" SrcFileId="1" StartOffset="757"/>
</LocList>
<StmntSeq Intrnl_Id="44">
<LocList>
<Loc EndOffset="868" SrcFileId="1" StartOffset="764"/>
</LocList>
<CondStmnt CovItemId="S12" CovItemPrefix="progettosemaforo.Semaforo.java" Intrnl_Id="45">
<Branch CovItemId="B9" CovItemPrefix="progettosemaforo.Semaforo.java" Implct="false" Intrnl_Id="46">
<Cond/>
<LocList>
<Loc EndOffset="868" SrcFileId="1" StartOffset="818"/>
</LocList>
<StmntSeq Intrnl_Id="47">
<LocList>
<Loc EndOffset="842" SrcFileId="1" StartOffset="826"/>
<Loc EndOffset="861" SrcFileId="1" StartOffset="849"/>
</LocList>
<BasicStmnt CovItemId="S13" CovItemPrefix="progettosemaforo.Semaforo.java" Intrnl_Id="48">
<LocList>
<Loc EndOffset="842" SrcFileId="1" StartOffset="826"/>
</LocList>
</BasicStmnt>
<BasicStmnt CovItemId="S14" CovItemPrefix="progettosemaforo.Semaforo.java" Intrnl_Id="49">
<LocList>
<Loc EndOffset="861" SrcFileId="1" StartOffset="849"/>
</LocList>
</BasicStmnt>
</StmntSeq>
</Branch>
<Branch CovItemId="B10" CovItemPrefix="progettosemaforo.Semaforo.java" Implct="true" Intrnl_Id="50">
<Cond/>
<LocList/>
<StmntSeq Intrnl_Id="51">
<LocList/>
</StmntSeq>
</Branch>
<Keyword EndOffset="766" SrcFileId="1" StartOffset="764"/>
<LocList>
<Loc EndOffset="868" SrcFileId="1" StartOffset="764"/>
</LocList>
<RootTerm CovItemId="C5" CovItemPrefix="progettosemaforo.Semaforo.java" Intrnl_Id="52">
<OpTerm BooleanOpId="2" Intrnl_Id="53">
<OpTerm BooleanOpId="2" Intrnl_Id="54">
<BasicBoolTerm Intrnl_Id="55">
<LocList>
<Loc EndOffset="778" SrcFileId="1" StartOffset="768"/>
</LocList>
</BasicBoolTerm>
<BasicBoolTerm Intrnl_Id="56">
<LocList>
<Loc EndOffset="798" SrcFileId="1" StartOffset="782"/>
</LocList>
</BasicBoolTerm>
<LocList>
<Loc EndOffset="781" SrcFileId="1" StartOffset="779"/>
</LocList>
</OpTerm>
<BasicBoolTerm Intrnl_Id="57">
<LocList>
<Loc EndOffset="816" SrcFileId="1" StartOffset="802"/>
</LocList>
</BasicBoolTerm>
<LocList>
<Loc EndOffset="801" SrcFileId="1" StartOffset="799"/>
</LocList>
</OpTerm>
</RootTerm>
</CondStmnt>
</StmntSeq>
</Branch>
<Branch CovItemId="B8" CovItemPrefix="progettosemaforo.Semaforo.java" Implct="false" Intrnl_Id="58">
<Cond>
<Loc EndOffset="884" SrcFileId="1" StartOffset="880"/>
</Cond>
<LocList>
<Loc EndOffset="1002" SrcFileId="1" StartOffset="885"/>
</LocList>
<StmntSeq Intrnl_Id="59">
<LocList>
<Loc EndOffset="996" SrcFileId="1" StartOffset="892"/>
</LocList>
<CondStmnt CovItemId="S15" CovItemPrefix="progettosemaforo.Semaforo.java" Intrnl_Id="60">
<Branch CovItemId="B11" CovItemPrefix="progettosemaforo.Semaforo.java" Implct="false" Intrnl_Id="61">
<Cond/>
<LocList>
<Loc EndOffset="996" SrcFileId="1" StartOffset="946"/>
</LocList>
<StmntSeq Intrnl_Id="62">
<LocList>
<Loc EndOffset="970" SrcFileId="1" StartOffset="954"/>
<Loc EndOffset="989" SrcFileId="1" StartOffset="977"/>
</LocList>
<BasicStmnt CovItemId="S16" CovItemPrefix="progettosemaforo.Semaforo.java" Intrnl_Id="63">
<LocList>
<Loc EndOffset="970" SrcFileId="1" StartOffset="954"/>
</LocList>
</BasicStmnt>
<BasicStmnt CovItemId="S17" CovItemPrefix="progettosemaforo.Semaforo.java" Intrnl_Id="64">
<LocList>
<Loc EndOffset="989" SrcFileId="1" StartOffset="977"/>
</LocList>
</BasicStmnt>
</StmntSeq>
</Branch>
<Branch CovItemId="B12" CovItemPrefix="progettosemaforo.Semaforo.java" Implct="true" Intrnl_Id="65">
<Cond/>
<LocList/>
<StmntSeq Intrnl_Id="66">
<LocList/>
</StmntSeq>
</Branch>
<Keyword EndOffset="894" SrcFileId="1" StartOffset="892"/>
<LocList>
<Loc EndOffset="996" SrcFileId="1" StartOffset="892"/>
</LocList>
<RootTerm CovItemId="C6" CovItemPrefix="progettosemaforo.Semaforo.java" Intrnl_Id="67">
<OpTerm BooleanOpId="2" Intrnl_Id="68">
<OpTerm BooleanOpId="2" Intrnl_Id="69">
<BasicBoolTerm Intrnl_Id="70">
<LocList>
<Loc EndOffset="906" SrcFileId="1" StartOffset="896"/>
</LocList>
</BasicBoolTerm>
<BasicBoolTerm Intrnl_Id="71">
<LocList>
<Loc EndOffset="926" SrcFileId="1" StartOffset="910"/>
</LocList>
</BasicBoolTerm>
<LocList>
<Loc EndOffset="909" SrcFileId="1" StartOffset="907"/>
</LocList>
</OpTerm>
<BasicBoolTerm Intrnl_Id="72">
<LocList>
<Loc EndOffset="944" SrcFileId="1" StartOffset="930"/>
</LocList>
</BasicBoolTerm>
<LocList>
<Loc EndOffset="929" SrcFileId="1" StartOffset="927"/>
</LocList>
</OpTerm>
</RootTerm>
</CondStmnt>
</StmntSeq>
</Branch>
<Keyword EndOffset="745" SrcFileId="1" StartOffset="743"/>
<LocList>
<Loc EndOffset="1002" SrcFileId="1" StartOffset="743"/>
</LocList>
<RootTerm CovItemId="C4" CovItemPrefix="progettosemaforo.Semaforo.java" Intrnl_Id="73">
<BasicBoolTerm Intrnl_Id="74">
<LocList>
<Loc EndOffset="755" SrcFileId="1" StartOffset="747"/>
</LocList>
</BasicBoolTerm>
</RootTerm>
</CondStmnt>
<BasicStmnt CovItemId="S18" CovItemPrefix="progettosemaforo.Semaforo.java" Intrnl_Id="75">
<LocList>
<Loc EndOffset="1020" SrcFileId="1" StartOffset="1007"/>
</LocList>
</BasicStmnt>
</StmntSeq>
</Branch>
<Branch CovItemId="B2" CovItemPrefix="progettosemaforo.Semaforo.java" Implct="false" Intrnl_Id="76">
<Cond>
<Loc EndOffset="1034" SrcFileId="1" StartOffset="1030"/>
</Cond>
<LocList>
<Loc EndOffset="1059" SrcFileId="1" StartOffset="1035"/>
</LocList>
<StmntSeq Intrnl_Id="77">
<LocList>
<Loc EndOffset="1054" SrcFileId="1" StartOffset="1041"/>
</LocList>
<BasicStmnt CovItemId="S19" CovItemPrefix="progettosemaforo.Semaforo.java" Intrnl_Id="78">
<LocList>
<Loc EndOffset="1054" SrcFileId="1" StartOffset="1041"/>
</LocList>
</BasicStmnt>
</StmntSeq>
</Branch>
<Keyword EndOffset="307" SrcFileId="1" StartOffset="305"/>
<LocList>
<Loc EndOffset="1059" SrcFileId="1" StartOffset="305"/>
</LocList>
<RootTerm CovItemId="C1" CovItemPrefix="progettosemaforo.Semaforo.java" Intrnl_Id="79">
<OpTerm BooleanOpId="2" Intrnl_Id="80">
<OpTerm BooleanOpId="2" Intrnl_Id="81">
<OpTerm BooleanOpId="2" Intrnl_Id="82">
<BasicBoolTerm Intrnl_Id="83">
<LocList>
<Loc EndOffset="317" SrcFileId="1" StartOffset="309"/>
</LocList>
</BasicBoolTerm>
<BasicBoolTerm Intrnl_Id="84">
<LocList>
<Loc EndOffset="329" SrcFileId="1" StartOffset="321"/>
</LocList>
</BasicBoolTerm>
<LocList>
<Loc EndOffset="320" SrcFileId="1" StartOffset="318"/>
</LocList>
</OpTerm>
<BasicBoolTerm Intrnl_Id="85">
<LocList>
<Loc EndOffset="343" SrcFileId="1" StartOffset="333"/>
</LocList>
</BasicBoolTerm>
<LocList>
<Loc EndOffset="332" SrcFileId="1" StartOffset="330"/>
</LocList>
</OpTerm>
<BasicBoolTerm Intrnl_Id="86">
<LocList>
<Loc EndOffset="357" SrcFileId="1" StartOffset="347"/>
</LocList>
</BasicBoolTerm>
<LocList>
<Loc EndOffset="346" SrcFileId="1" StartOffset="344"/>
</LocList>
</OpTerm>
</RootTerm>
</CondStmnt>
</StmntSeq>
</HierarchyLvl>
<HierarchyLvl HierarchyLvlId="3" HierarchyLvlTypeId="4" Intrnl_Id="87" Name="toString">
<Header>
<Loc EndOffset="1104" SrcFileId="1" StartOffset="1068"/>
</Header>
<LocList>
<Loc EndOffset="1270" SrcFileId="1" StartOffset="1068"/>
</LocList>
<StmntSeq Intrnl_Id="88">
<LocList>
<Loc EndOffset="1172" SrcFileId="1" StartOffset="1110"/>
<Loc EndOffset="1238" SrcFileId="1" StartOffset="1176"/>
<Loc EndOffset="1266" SrcFileId="1" StartOffset="1242"/>
</LocList>
<BasicStmnt CovItemId="S20" CovItemPrefix="progettosemaforo.Semaforo.java" Intrnl_Id="89">
<LocList>
<Loc EndOffset="1172" SrcFileId="1" StartOffset="1110"/>
</LocList>
<QMO CovItemId="Q1" CovItemPrefix="progettosemaforo.Semaforo.java" Intrnl_Id="90">
<LocList>
<Loc EndOffset="1159" SrcFileId="1" StartOffset="1145"/>
</LocList>
<QMO_E CovItemId="Q1-0" CovItemPrefix="progettosemaforo.Semaforo.java" Intrnl_Id="91">
<LocList>
<Loc EndOffset="1165" SrcFileId="1" StartOffset="1162"/>
</LocList>
</QMO_E>
<QMO_E CovItemId="Q1-1" CovItemPrefix="progettosemaforo.Semaforo.java" Intrnl_Id="92">
<LocList>
<Loc EndOffset="1171" SrcFileId="1" StartOffset="1168"/>
</LocList>
</QMO_E>
</QMO>
<QMO CovItemId="Q0" CovItemPrefix="progettosemaforo.Semaforo.java" Intrnl_Id="93">
<LocList>
<Loc EndOffset="1136" SrcFileId="1" StartOffset="1122"/>
</LocList>
<QMO_E CovItemId="Q0-0" CovItemPrefix="progettosemaforo.Semaforo.java" Intrnl_Id="94">
<LocList>
<Loc EndOffset="1142" SrcFileId="1" StartOffset="1139"/>
</LocList>
</QMO_E>
<QMO_E CovItemId="Q0-1" CovItemPrefix="progettosemaforo.Semaforo.java" Intrnl_Id="95">
<LocList>
<Loc EndOffset="1171" SrcFileId="1" StartOffset="1145"/>
</LocList>
</QMO_E>
</QMO>
</BasicStmnt>
<BasicStmnt CovItemId="S21" CovItemPrefix="progettosemaforo.Semaforo.java" Intrnl_Id="96">
<LocList>
<Loc EndOffset="1238" SrcFileId="1" StartOffset="1176"/>
</LocList>
<QMO CovItemId="Q3" CovItemPrefix="progettosemaforo.Semaforo.java" Intrnl_Id="97">
<LocList>
<Loc EndOffset="1225" SrcFileId="1" StartOffset="1211"/>
</LocList>
<QMO_E CovItemId="Q3-0" CovItemPrefix="progettosemaforo.Semaforo.java" Intrnl_Id="98">
<LocList>
<Loc EndOffset="1231" SrcFileId="1" StartOffset="1228"/>
</LocList>
</QMO_E>
<QMO_E CovItemId="Q3-1" CovItemPrefix="progettosemaforo.Semaforo.java" Intrnl_Id="99">
<LocList>
<Loc EndOffset="1237" SrcFileId="1" StartOffset="1234"/>
</LocList>
</QMO_E>
</QMO>
<QMO CovItemId="Q2" CovItemPrefix="progettosemaforo.Semaforo.java" Intrnl_Id="100">
<LocList>
<Loc EndOffset="1202" SrcFileId="1" StartOffset="1188"/>
</LocList>
<QMO_E CovItemId="Q2-0" CovItemPrefix="progettosemaforo.Semaforo.java" Intrnl_Id="101">
<LocList>
<Loc EndOffset="1208" SrcFileId="1" StartOffset="1205"/>
</LocList>
</QMO_E>
<QMO_E CovItemId="Q2-1" CovItemPrefix="progettosemaforo.Semaforo.java" Intrnl_Id="102">
<LocList>
<Loc EndOffset="1237" SrcFileId="1" StartOffset="1211"/>
</LocList>
</QMO_E>
</QMO>
</BasicStmnt>
<BasicStmnt CovItemId="S22" CovItemPrefix="progettosemaforo.Semaforo.java" Intrnl_Id="103">
<LocList>
<Loc EndOffset="1266" SrcFileId="1" StartOffset="1242"/>
</LocList>
</BasicStmnt>
</StmntSeq>
</HierarchyLvl>
</HierarchyLvl>
</HierarchyLvl>
</HierarchyLvl>
</MASTRoot>
</TestSessionContainer>
